ARM GAS  C:\Users\Lenovo\AppData\Local\Temp\ccVTY1Cv.s 			page 1


   1              		.cpu cortex-m3
   2              		.eabi_attribute 20, 1
   3              		.eabi_attribute 21, 1
   4              		.eabi_attribute 23, 3
   5              		.eabi_attribute 24, 1
   6              		.eabi_attribute 25, 1
   7              		.eabi_attribute 26, 1
   8              		.eabi_attribute 30, 1
   9              		.eabi_attribute 34, 1
  10              		.eabi_attribute 18, 4
  11              		.file	"main.c"
  12              		.text
  13              	.Ltext0:
  14              		.cfi_sections	.debug_frame
  15              		.global	__aeabi_fsub
  16              		.global	__aeabi_fadd
  17              		.global	__aeabi_fmul
  18              		.section	.text.pid,"ax",%progbits
  19              		.align	1
  20              		.global	pid
  21              		.arch armv7-m
  22              		.syntax unified
  23              		.thumb
  24              		.thumb_func
  25              		.fpu softvfp
  27              	pid:
  28              	.LVL0:
  29              	.LFB67:
  30              		.file 1 "Core/Src/main.c"
   1:Core/Src/main.c **** /* USER CODE BEGIN Header */
   2:Core/Src/main.c **** /**
   3:Core/Src/main.c ****   ******************************************************************************
   4:Core/Src/main.c ****   * @file           : main.c
   5:Core/Src/main.c ****   * @brief          : Main program body
   6:Core/Src/main.c ****   ******************************************************************************
   7:Core/Src/main.c ****   * @attention
   8:Core/Src/main.c ****   *
   9:Core/Src/main.c ****   * <h2><center>&copy; Copyright (c) 2021 STMicroelectronics.
  10:Core/Src/main.c ****   * All rights reserved.</center></h2>
  11:Core/Src/main.c ****   *
  12:Core/Src/main.c ****   * This software component is licensed by ST under BSD 3-Clause license,
  13:Core/Src/main.c ****   * the "License"; You may not use this file except in compliance with the
  14:Core/Src/main.c ****   * License. You may obtain a copy of the License at:
  15:Core/Src/main.c ****   *                        opensource.org/licenses/BSD-3-Clause
  16:Core/Src/main.c ****   *
  17:Core/Src/main.c ****   ******************************************************************************
  18:Core/Src/main.c ****   */
  19:Core/Src/main.c **** /* USER CODE END Header */
  20:Core/Src/main.c **** /* Includes ------------------------------------------------------------------*/
  21:Core/Src/main.c **** #include "main.h"
  22:Core/Src/main.c **** #include "tim.h"
  23:Core/Src/main.c **** #include "usart.h"
  24:Core/Src/main.c **** #include "gpio.h"
  25:Core/Src/main.c **** 
  26:Core/Src/main.c **** /* Private includes ----------------------------------------------------------*/
  27:Core/Src/main.c **** /* USER CODE BEGIN Includes */
  28:Core/Src/main.c **** 
ARM GAS  C:\Users\Lenovo\AppData\Local\Temp\ccVTY1Cv.s 			page 2


  29:Core/Src/main.c **** /* USER CODE END Includes */
  30:Core/Src/main.c **** 
  31:Core/Src/main.c **** /* Private typedef -----------------------------------------------------------*/
  32:Core/Src/main.c **** /* USER CODE BEGIN PTD */
  33:Core/Src/main.c **** typedef struct
  34:Core/Src/main.c **** {
  35:Core/Src/main.c ****     float A0;          /**< The derived gain, A0 = Kp + Ki + Kd . */
  36:Core/Src/main.c ****     float A1;          /**< The derived gain, A1 = -Kp - 2Kd. */
  37:Core/Src/main.c ****     float A2;          /**< The derived gain, A2 = Kd . */
  38:Core/Src/main.c ****     float state[3];    /**< The state array of length 3. */
  39:Core/Src/main.c ****     float Kp;          /**< The proportional gain. */
  40:Core/Src/main.c ****     float Ki;          /**< The integral gain. */
  41:Core/Src/main.c ****     float Kd;          /**< The derivative gain. */
  42:Core/Src/main.c **** } pid_instance;
  43:Core/Src/main.c **** /* USER CODE END PTD */
  44:Core/Src/main.c **** 
  45:Core/Src/main.c **** /* Private define ------------------------------------------------------------*/
  46:Core/Src/main.c **** /* USER CODE BEGIN PD */
  47:Core/Src/main.c **** /* USER CODE END PD */
  48:Core/Src/main.c **** 
  49:Core/Src/main.c **** /* Private macro -------------------------------------------------------------*/
  50:Core/Src/main.c **** /* USER CODE BEGIN PM */
  51:Core/Src/main.c **** 
  52:Core/Src/main.c **** /* USER CODE END PM */
  53:Core/Src/main.c **** 
  54:Core/Src/main.c **** /* Private variables ---------------------------------------------------------*/
  55:Core/Src/main.c **** 
  56:Core/Src/main.c **** /* USER CODE BEGIN PV */
  57:Core/Src/main.c **** 
  58:Core/Src/main.c **** /* USER CODE END PV */
  59:Core/Src/main.c **** 
  60:Core/Src/main.c **** /* Private function prototypes -----------------------------------------------*/
  61:Core/Src/main.c **** void SystemClock_Config(void);
  62:Core/Src/main.c **** /* USER CODE BEGIN PFP */
  63:Core/Src/main.c **** 
  64:Core/Src/main.c **** /* USER CODE END PFP */
  65:Core/Src/main.c **** 
  66:Core/Src/main.c **** /* Private user code ---------------------------------------------------------*/
  67:Core/Src/main.c **** /* USER CODE BEGIN 0 */
  68:Core/Src/main.c **** /* USER CODE END 0 */
  69:Core/Src/main.c **** 
  70:Core/Src/main.c **** /**
  71:Core/Src/main.c ****   * @brief  The application entry point.
  72:Core/Src/main.c ****   * @retval int
  73:Core/Src/main.c ****   */
  74:Core/Src/main.c **** int main(void)
  75:Core/Src/main.c **** {
  76:Core/Src/main.c ****   /* USER CODE BEGIN 1 */
  77:Core/Src/main.c ****   /* USER CODE END 1 */
  78:Core/Src/main.c **** 
  79:Core/Src/main.c ****   /* MCU Configuration--------------------------------------------------------*/
  80:Core/Src/main.c **** 
  81:Core/Src/main.c ****   /* Reset of all peripherals, Initializes the Flash interface and the Systick. */
  82:Core/Src/main.c ****   HAL_Init();
  83:Core/Src/main.c **** 
  84:Core/Src/main.c ****   /* USER CODE BEGIN Init */
  85:Core/Src/main.c **** 
ARM GAS  C:\Users\Lenovo\AppData\Local\Temp\ccVTY1Cv.s 			page 3


  86:Core/Src/main.c ****   /* USER CODE END Init */
  87:Core/Src/main.c **** 
  88:Core/Src/main.c ****   /* Configure the system clock */
  89:Core/Src/main.c ****   SystemClock_Config();
  90:Core/Src/main.c **** 
  91:Core/Src/main.c ****   /* USER CODE BEGIN SysInit */
  92:Core/Src/main.c **** 
  93:Core/Src/main.c ****   /* USER CODE END SysInit */
  94:Core/Src/main.c **** 
  95:Core/Src/main.c ****   /* Initialize all configured peripherals */
  96:Core/Src/main.c ****   MX_GPIO_Init();
  97:Core/Src/main.c ****   MX_TIM2_Init();
  98:Core/Src/main.c ****   MX_TIM3_Init();
  99:Core/Src/main.c ****   MX_TIM4_Init();
 100:Core/Src/main.c ****   MX_TIM8_Init();
 101:Core/Src/main.c ****   MX_TIM6_Init();
 102:Core/Src/main.c ****   MX_TIM1_Init();
 103:Core/Src/main.c ****   MX_USART2_UART_Init();
 104:Core/Src/main.c ****   MX_USART3_UART_Init();
 105:Core/Src/main.c ****   MX_UART5_Init();
 106:Core/Src/main.c ****   /* USER CODE BEGIN 2 */
 107:Core/Src/main.c ****   HAL_TIM_Base_Start_IT(&htim6); 
 108:Core/Src/main.c ****   HAL_TIM_PWM_Start(&htim2, TIM_CHANNEL_1); 
 109:Core/Src/main.c ****   HAL_TIM_PWM_Start(&htim2, TIM_CHANNEL_2); 
 110:Core/Src/main.c ****   HAL_TIM_PWM_Start(&htim2, TIM_CHANNEL_3); 
 111:Core/Src/main.c ****   HAL_TIM_PWM_Start(&htim2, TIM_CHANNEL_4); 
 112:Core/Src/main.c ****   HAL_TIM_Encoder_Start(&htim1, TIM_CHANNEL_ALL);
 113:Core/Src/main.c ****   HAL_TIM_Encoder_Start(&htim3, TIM_CHANNEL_ALL);
 114:Core/Src/main.c ****   HAL_TIM_Encoder_Start(&htim4, TIM_CHANNEL_ALL);
 115:Core/Src/main.c ****   HAL_TIM_Encoder_Start(&htim8, TIM_CHANNEL_ALL);
 116:Core/Src/main.c ****   /* USER CODE END 2 */
 117:Core/Src/main.c **** 
 118:Core/Src/main.c ****   /* Infinite loop */
 119:Core/Src/main.c ****   /* USER CODE BEGIN WHILE */
 120:Core/Src/main.c ****   while (1)
 121:Core/Src/main.c ****   {
 122:Core/Src/main.c ****     /* USER CODE END WHILE */
 123:Core/Src/main.c **** 
 124:Core/Src/main.c ****     /* USER CODE BEGIN 3 */
 125:Core/Src/main.c **** 		
 126:Core/Src/main.c **** 
 127:Core/Src/main.c ****   }
 128:Core/Src/main.c ****   /* USER CODE END 3 */
 129:Core/Src/main.c **** }
 130:Core/Src/main.c **** 
 131:Core/Src/main.c **** /**
 132:Core/Src/main.c ****   * @brief System Clock Configuration
 133:Core/Src/main.c ****   * @retval None
 134:Core/Src/main.c ****   */
 135:Core/Src/main.c **** void SystemClock_Config(void)
 136:Core/Src/main.c **** {
 137:Core/Src/main.c ****   RCC_OscInitTypeDef RCC_OscInitStruct = {0};
 138:Core/Src/main.c ****   RCC_ClkInitTypeDef RCC_ClkInitStruct = {0};
 139:Core/Src/main.c **** 
 140:Core/Src/main.c ****   /** Initializes the RCC Oscillators according to the specified parameters
 141:Core/Src/main.c ****   * in the RCC_OscInitTypeDef structure.
 142:Core/Src/main.c ****   */
ARM GAS  C:\Users\Lenovo\AppData\Local\Temp\ccVTY1Cv.s 			page 4


 143:Core/Src/main.c ****   RCC_OscInitStruct.OscillatorType = RCC_OSCILLATORTYPE_HSE;
 144:Core/Src/main.c ****   RCC_OscInitStruct.HSEState = RCC_HSE_ON;
 145:Core/Src/main.c ****   RCC_OscInitStruct.HSEPredivValue = RCC_HSE_PREDIV_DIV1;
 146:Core/Src/main.c ****   RCC_OscInitStruct.HSIState = RCC_HSI_ON;
 147:Core/Src/main.c ****   RCC_OscInitStruct.PLL.PLLState = RCC_PLL_ON;
 148:Core/Src/main.c ****   RCC_OscInitStruct.PLL.PLLSource = RCC_PLLSOURCE_HSE;
 149:Core/Src/main.c ****   RCC_OscInitStruct.PLL.PLLMUL = RCC_PLL_MUL9;
 150:Core/Src/main.c ****   if (HAL_RCC_OscConfig(&RCC_OscInitStruct) != HAL_OK)
 151:Core/Src/main.c ****   {
 152:Core/Src/main.c ****     Error_Handler();
 153:Core/Src/main.c ****   }
 154:Core/Src/main.c ****   /** Initializes the CPU, AHB and APB buses clocks
 155:Core/Src/main.c ****   */
 156:Core/Src/main.c ****   RCC_ClkInitStruct.ClockType = RCC_CLOCKTYPE_HCLK|RCC_CLOCKTYPE_SYSCLK
 157:Core/Src/main.c ****                               |RCC_CLOCKTYPE_PCLK1|RCC_CLOCKTYPE_PCLK2;
 158:Core/Src/main.c ****   RCC_ClkInitStruct.SYSCLKSource = RCC_SYSCLKSOURCE_PLLCLK;
 159:Core/Src/main.c ****   RCC_ClkInitStruct.AHBCLKDivider = RCC_SYSCLK_DIV1;
 160:Core/Src/main.c ****   RCC_ClkInitStruct.APB1CLKDivider = RCC_HCLK_DIV2;
 161:Core/Src/main.c ****   RCC_ClkInitStruct.APB2CLKDivider = RCC_HCLK_DIV1;
 162:Core/Src/main.c **** 
 163:Core/Src/main.c ****   if (HAL_RCC_ClockConfig(&RCC_ClkInitStruct, FLASH_LATENCY_2) != HAL_OK)
 164:Core/Src/main.c ****   {
 165:Core/Src/main.c ****     Error_Handler();
 166:Core/Src/main.c ****   }
 167:Core/Src/main.c **** }
 168:Core/Src/main.c **** 
 169:Core/Src/main.c **** /* USER CODE BEGIN 4 */
 170:Core/Src/main.c **** //120  0.1  500
 171:Core/Src/main.c **** float kp=120,ki=0.1,kd=10;
 172:Core/Src/main.c **** float integral=0,prev=0;
 173:Core/Src/main.c **** //cm/s
 174:Core/Src/main.c **** //要区分prev1234,integral1234
 175:Core/Src/main.c **** float pid(float setspeed,float actualspeed){
  31              		.loc 1 175 44 view -0
  32              		.cfi_startproc
  33              		@ args = 0, pretend = 0, frame = 0
  34              		@ frame_needed = 0, uses_anonymous_args = 0
  35              		.loc 1 175 44 is_stmt 0 view .LVU1
  36 0000 F8B5     		push	{r3, r4, r5, r6, r7, lr}
  37              	.LCFI0:
  38              		.cfi_def_cfa_offset 24
  39              		.cfi_offset 3, -24
  40              		.cfi_offset 4, -20
  41              		.cfi_offset 5, -16
  42              		.cfi_offset 6, -12
  43              		.cfi_offset 7, -8
  44              		.cfi_offset 14, -4
  45 0002 0C46     		mov	r4, r1
 176:Core/Src/main.c ****   integral+=setspeed-actualspeed;
  46              		.loc 1 176 3 is_stmt 1 view .LVU2
  47              		.loc 1 176 21 is_stmt 0 view .LVU3
  48 0004 FFF7FEFF 		bl	__aeabi_fsub
  49              	.LVL1:
  50              		.loc 1 176 21 view .LVU4
  51 0008 0646     		mov	r6, r0
  52              		.loc 1 176 11 view .LVU5
  53 000a 154F     		ldr	r7, .L3
ARM GAS  C:\Users\Lenovo\AppData\Local\Temp\ccVTY1Cv.s 			page 5


  54 000c 3968     		ldr	r1, [r7]	@ float
  55 000e FFF7FEFF 		bl	__aeabi_fadd
  56              	.LVL2:
  57 0012 0546     		mov	r5, r0
  58 0014 3860     		str	r0, [r7]	@ float
 177:Core/Src/main.c ****   float out=actualspeed+kp*(setspeed-actualspeed)+ki*integral+kd*(prev-actualspeed)*50;
  59              		.loc 1 177 3 is_stmt 1 view .LVU6
  60              		.loc 1 177 27 is_stmt 0 view .LVU7
  61 0016 134B     		ldr	r3, .L3+4
  62 0018 1968     		ldr	r1, [r3]	@ float
  63 001a 3046     		mov	r0, r6
  64 001c FFF7FEFF 		bl	__aeabi_fmul
  65              	.LVL3:
  66              		.loc 1 177 24 view .LVU8
  67 0020 2146     		mov	r1, r4
  68 0022 FFF7FEFF 		bl	__aeabi_fadd
  69              	.LVL4:
  70 0026 0646     		mov	r6, r0
  71              		.loc 1 177 53 view .LVU9
  72 0028 0F4B     		ldr	r3, .L3+8
  73 002a 1968     		ldr	r1, [r3]	@ float
  74 002c 2846     		mov	r0, r5
  75 002e FFF7FEFF 		bl	__aeabi_fmul
  76              	.LVL5:
  77 0032 0146     		mov	r1, r0
  78              		.loc 1 177 50 view .LVU10
  79 0034 3046     		mov	r0, r6
  80 0036 FFF7FEFF 		bl	__aeabi_fadd
  81              	.LVL6:
  82 003a 0546     		mov	r5, r0
  83              		.loc 1 177 71 view .LVU11
  84 003c 0B4E     		ldr	r6, .L3+12
  85 003e 2146     		mov	r1, r4
  86 0040 3068     		ldr	r0, [r6]	@ float
  87 0042 FFF7FEFF 		bl	__aeabi_fsub
  88              	.LVL7:
  89              		.loc 1 177 65 view .LVU12
  90 0046 0A4B     		ldr	r3, .L3+16
  91 0048 1968     		ldr	r1, [r3]	@ float
  92 004a FFF7FEFF 		bl	__aeabi_fmul
  93              	.LVL8:
  94              		.loc 1 177 84 view .LVU13
  95 004e 0949     		ldr	r1, .L3+20
  96 0050 FFF7FEFF 		bl	__aeabi_fmul
  97              	.LVL9:
  98 0054 0146     		mov	r1, r0
  99              		.loc 1 177 9 view .LVU14
 100 0056 2846     		mov	r0, r5
 101 0058 FFF7FEFF 		bl	__aeabi_fadd
 102              	.LVL10:
 178:Core/Src/main.c ****   prev=actualspeed;
 103              		.loc 1 178 3 is_stmt 1 view .LVU15
 104              		.loc 1 178 7 is_stmt 0 view .LVU16
 105 005c 3460     		str	r4, [r6]	@ float
 179:Core/Src/main.c ****   return out;
 106              		.loc 1 179 3 is_stmt 1 view .LVU17
 180:Core/Src/main.c **** }
ARM GAS  C:\Users\Lenovo\AppData\Local\Temp\ccVTY1Cv.s 			page 6


 107              		.loc 1 180 1 is_stmt 0 view .LVU18
 108 005e F8BD     		pop	{r3, r4, r5, r6, r7, pc}
 109              	.LVL11:
 110              	.L4:
 111              		.loc 1 180 1 view .LVU19
 112              		.align	2
 113              	.L3:
 114 0060 00000000 		.word	.LANCHOR0
 115 0064 00000000 		.word	.LANCHOR1
 116 0068 00000000 		.word	.LANCHOR2
 117 006c 00000000 		.word	.LANCHOR3
 118 0070 00000000 		.word	.LANCHOR4
 119 0074 00004842 		.word	1112014848
 120              		.cfi_endproc
 121              	.LFE67:
 123              		.global	__aeabi_i2d
 124              		.global	__aeabi_dmul
 125              		.global	__aeabi_d2f
 126              		.global	__aeabi_f2d
 127              		.global	__aeabi_d2iz
 128              		.global	__aeabi_f2iz
 129              		.section	.rodata.HAL_TIM_PeriodElapsedCallback.str1.4,"aMS",%progbits,1
 130              		.align	2
 131              	.LC0:
 132 0000 25640A00 		.ascii	"%d\012\000"
 133              		.section	.text.HAL_TIM_PeriodElapsedCallback,"ax",%progbits
 134              		.align	1
 135              		.global	HAL_TIM_PeriodElapsedCallback
 136              		.syntax unified
 137              		.thumb
 138              		.thumb_func
 139              		.fpu softvfp
 141              	HAL_TIM_PeriodElapsedCallback:
 142              	.LVL12:
 143              	.LFB68:
 181:Core/Src/main.c **** void HAL_TIM_PeriodElapsedCallback(TIM_HandleTypeDef* htim)  //refresh PID value every 10ms
 182:Core/Src/main.c **** {
 144              		.loc 1 182 1 is_stmt 1 view -0
 145              		.cfi_startproc
 146              		@ args = 0, pretend = 0, frame = 0
 147              		@ frame_needed = 0, uses_anonymous_args = 0
 148              		.loc 1 182 1 is_stmt 0 view .LVU21
 149 0000 38B5     		push	{r3, r4, r5, lr}
 150              	.LCFI1:
 151              		.cfi_def_cfa_offset 16
 152              		.cfi_offset 3, -16
 153              		.cfi_offset 4, -12
 154              		.cfi_offset 5, -8
 155              		.cfi_offset 14, -4
 183:Core/Src/main.c ****     if (htim->Instance == TIM6) {
 156              		.loc 1 183 5 is_stmt 1 view .LVU22
 157              		.loc 1 183 13 is_stmt 0 view .LVU23
 158 0002 0268     		ldr	r2, [r0]
 159              		.loc 1 183 8 view .LVU24
 160 0004 444B     		ldr	r3, .L12+16
 161 0006 9A42     		cmp	r2, r3
 162 0008 00D0     		beq	.L11
ARM GAS  C:\Users\Lenovo\AppData\Local\Temp\ccVTY1Cv.s 			page 7


 163              	.LVL13:
 164              	.L5:
 184:Core/Src/main.c ****         HAL_GPIO_WritePin(GPIOB,GPIO_PIN_5,0);
 185:Core/Src/main.c ****         HAL_GPIO_WritePin(GPIOB,GPIO_PIN_4,1);
 186:Core/Src/main.c **** 
 187:Core/Src/main.c ****         HAL_GPIO_WritePin(GPIOB,GPIO_PIN_3,1);
 188:Core/Src/main.c ****         HAL_GPIO_WritePin(GPIOC,GPIO_PIN_14,0);
 189:Core/Src/main.c **** 
 190:Core/Src/main.c ****         HAL_GPIO_WritePin(GPIOB,GPIO_PIN_15,0);
 191:Core/Src/main.c ****         HAL_GPIO_WritePin(GPIOB,GPIO_PIN_14,1);
 192:Core/Src/main.c **** 
 193:Core/Src/main.c ****         HAL_GPIO_WritePin(GPIOB,GPIO_PIN_13,0);
 194:Core/Src/main.c ****         HAL_GPIO_WritePin(GPIOB,GPIO_PIN_12,1);
 195:Core/Src/main.c ****         
 196:Core/Src/main.c ****         int count1=__HAL_TIM_GetCounter(&htim1);
 197:Core/Src/main.c ****         int count2=__HAL_TIM_GetCounter(&htim3);
 198:Core/Src/main.c ****         int count3=__HAL_TIM_GetCounter(&htim4);
 199:Core/Src/main.c ****         int count4=__HAL_TIM_GetCounter(&htim8);
 200:Core/Src/main.c ****         __HAL_TIM_SetCounter(&htim1,0);
 201:Core/Src/main.c ****         __HAL_TIM_SetCounter(&htim3,0);
 202:Core/Src/main.c ****         __HAL_TIM_SetCounter(&htim4,0);
 203:Core/Src/main.c ****         __HAL_TIM_SetCounter(&htim8,0);
 204:Core/Src/main.c ****         float speed1=count1*50/1040*3.1416*6.5;//cm/s
 205:Core/Src/main.c ****         float speed2=count2*50/1040*3.1416*6.5;
 206:Core/Src/main.c ****         float speed3=count3*50/1040*3.1416*6.5;
 207:Core/Src/main.c ****         float speed4=count4*50/1040*3.1416*6.5;
 208:Core/Src/main.c ****         int pwm1=(int)(pid(100,speed1)*5.88);
 209:Core/Src/main.c ****         if(pwm1<300)pwm1=300;
 210:Core/Src/main.c ****         if(pwm1>999)pwm1=999;
 211:Core/Src/main.c ****         //300  ---- 43cm/s
 212:Core/Src/main.c ****         //1000 ---- 170
 213:Core/Src/main.c ****         //6.2x ---- x
 214:Core/Src/main.c ****         __HAL_TIM_SET_COMPARE(&htim2, TIM_CHANNEL_1, pwm1); 
 215:Core/Src/main.c ****         __HAL_TIM_SET_COMPARE(&htim2, TIM_CHANNEL_2, pwm1); 
 216:Core/Src/main.c ****         __HAL_TIM_SET_COMPARE(&htim2, TIM_CHANNEL_3, pwm1); 
 217:Core/Src/main.c ****         __HAL_TIM_SET_COMPARE(&htim2, TIM_CHANNEL_4, pwm1); 
 218:Core/Src/main.c ****         u2_printf("%d\n",(int)speed1);
 219:Core/Src/main.c ****     }
 220:Core/Src/main.c **** }
 165              		.loc 1 220 1 view .LVU25
 166 000a 38BD     		pop	{r3, r4, r5, pc}
 167              	.LVL14:
 168              	.L11:
 169              	.LBB4:
 184:Core/Src/main.c ****         HAL_GPIO_WritePin(GPIOB,GPIO_PIN_5,0);
 170              		.loc 1 184 9 is_stmt 1 view .LVU26
 171 000c 434C     		ldr	r4, .L12+20
 172 000e 0022     		movs	r2, #0
 173 0010 2021     		movs	r1, #32
 174 0012 2046     		mov	r0, r4
 175              	.LVL15:
 184:Core/Src/main.c ****         HAL_GPIO_WritePin(GPIOB,GPIO_PIN_5,0);
 176              		.loc 1 184 9 is_stmt 0 view .LVU27
 177 0014 FFF7FEFF 		bl	HAL_GPIO_WritePin
 178              	.LVL16:
 185:Core/Src/main.c **** 
 179              		.loc 1 185 9 is_stmt 1 view .LVU28
ARM GAS  C:\Users\Lenovo\AppData\Local\Temp\ccVTY1Cv.s 			page 8


 180 0018 0122     		movs	r2, #1
 181 001a 1021     		movs	r1, #16
 182 001c 2046     		mov	r0, r4
 183 001e FFF7FEFF 		bl	HAL_GPIO_WritePin
 184              	.LVL17:
 187:Core/Src/main.c ****         HAL_GPIO_WritePin(GPIOC,GPIO_PIN_14,0);
 185              		.loc 1 187 9 view .LVU29
 186 0022 0122     		movs	r2, #1
 187 0024 0821     		movs	r1, #8
 188 0026 2046     		mov	r0, r4
 189 0028 FFF7FEFF 		bl	HAL_GPIO_WritePin
 190              	.LVL18:
 188:Core/Src/main.c **** 
 191              		.loc 1 188 9 view .LVU30
 192 002c 0022     		movs	r2, #0
 193 002e 4FF48041 		mov	r1, #16384
 194 0032 3B48     		ldr	r0, .L12+24
 195 0034 FFF7FEFF 		bl	HAL_GPIO_WritePin
 196              	.LVL19:
 190:Core/Src/main.c ****         HAL_GPIO_WritePin(GPIOB,GPIO_PIN_14,1);
 197              		.loc 1 190 9 view .LVU31
 198 0038 0022     		movs	r2, #0
 199 003a 4FF40041 		mov	r1, #32768
 200 003e 2046     		mov	r0, r4
 201 0040 FFF7FEFF 		bl	HAL_GPIO_WritePin
 202              	.LVL20:
 191:Core/Src/main.c **** 
 203              		.loc 1 191 9 view .LVU32
 204 0044 0122     		movs	r2, #1
 205 0046 4FF48041 		mov	r1, #16384
 206 004a 2046     		mov	r0, r4
 207 004c FFF7FEFF 		bl	HAL_GPIO_WritePin
 208              	.LVL21:
 193:Core/Src/main.c ****         HAL_GPIO_WritePin(GPIOB,GPIO_PIN_12,1);
 209              		.loc 1 193 9 view .LVU33
 210 0050 0022     		movs	r2, #0
 211 0052 4FF40051 		mov	r1, #8192
 212 0056 2046     		mov	r0, r4
 213 0058 FFF7FEFF 		bl	HAL_GPIO_WritePin
 214              	.LVL22:
 194:Core/Src/main.c ****         
 215              		.loc 1 194 9 view .LVU34
 216 005c 0122     		movs	r2, #1
 217 005e 4FF48051 		mov	r1, #4096
 218 0062 2046     		mov	r0, r4
 219 0064 FFF7FEFF 		bl	HAL_GPIO_WritePin
 220              	.LVL23:
 196:Core/Src/main.c ****         int count2=__HAL_TIM_GetCounter(&htim3);
 221              		.loc 1 196 9 view .LVU35
 196:Core/Src/main.c ****         int count2=__HAL_TIM_GetCounter(&htim3);
 222              		.loc 1 196 20 is_stmt 0 view .LVU36
 223 0068 2E4B     		ldr	r3, .L12+28
 224 006a 1D68     		ldr	r5, [r3]
 225 006c 6B6A     		ldr	r3, [r5, #36]
 226              	.LVL24:
 197:Core/Src/main.c ****         int count3=__HAL_TIM_GetCounter(&htim4);
 227              		.loc 1 197 9 is_stmt 1 view .LVU37
ARM GAS  C:\Users\Lenovo\AppData\Local\Temp\ccVTY1Cv.s 			page 9


 197:Core/Src/main.c ****         int count3=__HAL_TIM_GetCounter(&htim4);
 228              		.loc 1 197 20 is_stmt 0 view .LVU38
 229 006e 2E4A     		ldr	r2, .L12+32
 230 0070 1468     		ldr	r4, [r2]
 231 0072 626A     		ldr	r2, [r4, #36]
 232              	.LVL25:
 198:Core/Src/main.c ****         int count4=__HAL_TIM_GetCounter(&htim8);
 233              		.loc 1 198 9 is_stmt 1 view .LVU39
 198:Core/Src/main.c ****         int count4=__HAL_TIM_GetCounter(&htim8);
 234              		.loc 1 198 20 is_stmt 0 view .LVU40
 235 0074 2D4A     		ldr	r2, .L12+36
 236 0076 1068     		ldr	r0, [r2]
 237 0078 426A     		ldr	r2, [r0, #36]
 238              	.LVL26:
 199:Core/Src/main.c ****         __HAL_TIM_SetCounter(&htim1,0);
 239              		.loc 1 199 9 is_stmt 1 view .LVU41
 199:Core/Src/main.c ****         __HAL_TIM_SetCounter(&htim1,0);
 240              		.loc 1 199 20 is_stmt 0 view .LVU42
 241 007a 2D4A     		ldr	r2, .L12+40
 242 007c 1168     		ldr	r1, [r2]
 243 007e 4A6A     		ldr	r2, [r1, #36]
 244              	.LVL27:
 200:Core/Src/main.c ****         __HAL_TIM_SetCounter(&htim3,0);
 245              		.loc 1 200 9 is_stmt 1 view .LVU43
 246 0080 0022     		movs	r2, #0
 247 0082 6A62     		str	r2, [r5, #36]
 201:Core/Src/main.c ****         __HAL_TIM_SetCounter(&htim4,0);
 248              		.loc 1 201 9 view .LVU44
 249 0084 6262     		str	r2, [r4, #36]
 202:Core/Src/main.c ****         __HAL_TIM_SetCounter(&htim8,0);
 250              		.loc 1 202 9 view .LVU45
 251 0086 4262     		str	r2, [r0, #36]
 203:Core/Src/main.c ****         float speed1=count1*50/1040*3.1416*6.5;//cm/s
 252              		.loc 1 203 9 view .LVU46
 253 0088 4A62     		str	r2, [r1, #36]
 204:Core/Src/main.c ****         float speed2=count2*50/1040*3.1416*6.5;
 254              		.loc 1 204 9 view .LVU47
 204:Core/Src/main.c ****         float speed2=count2*50/1040*3.1416*6.5;
 255              		.loc 1 204 28 is_stmt 0 view .LVU48
 256 008a 3220     		movs	r0, #50
 257 008c 00FB03F3 		mul	r3, r0, r3
 258              	.LVL28:
 204:Core/Src/main.c ****         float speed2=count2*50/1040*3.1416*6.5;
 259              		.loc 1 204 31 view .LVU49
 260 0090 2848     		ldr	r0, .L12+44
 261 0092 80FB0320 		smull	r2, r0, r0, r3
 262 0096 DB17     		asrs	r3, r3, #31
 204:Core/Src/main.c ****         float speed2=count2*50/1040*3.1416*6.5;
 263              		.loc 1 204 36 view .LVU50
 264 0098 C3EB6020 		rsb	r0, r3, r0, asr #9
 265 009c FFF7FEFF 		bl	__aeabi_i2d
 266              	.LVL29:
 267 00a0 19A3     		adr	r3, .L12
 268 00a2 D3E90023 		ldrd	r2, [r3]
 269 00a6 FFF7FEFF 		bl	__aeabi_dmul
 270              	.LVL30:
 204:Core/Src/main.c ****         float speed2=count2*50/1040*3.1416*6.5;
ARM GAS  C:\Users\Lenovo\AppData\Local\Temp\ccVTY1Cv.s 			page 10


 271              		.loc 1 204 43 view .LVU51
 272 00aa 0022     		movs	r2, #0
 273 00ac 224B     		ldr	r3, .L12+48
 274 00ae FFF7FEFF 		bl	__aeabi_dmul
 275              	.LVL31:
 204:Core/Src/main.c ****         float speed2=count2*50/1040*3.1416*6.5;
 276              		.loc 1 204 15 view .LVU52
 277 00b2 FFF7FEFF 		bl	__aeabi_d2f
 278              	.LVL32:
 279 00b6 0446     		mov	r4, r0
 280              	.LVL33:
 205:Core/Src/main.c ****         float speed3=count3*50/1040*3.1416*6.5;
 281              		.loc 1 205 9 is_stmt 1 view .LVU53
 206:Core/Src/main.c ****         float speed4=count4*50/1040*3.1416*6.5;
 282              		.loc 1 206 9 view .LVU54
 207:Core/Src/main.c ****         int pwm1=(int)(pid(100,speed1)*5.88);
 283              		.loc 1 207 9 view .LVU55
 208:Core/Src/main.c ****         if(pwm1<300)pwm1=300;
 284              		.loc 1 208 9 view .LVU56
 208:Core/Src/main.c ****         if(pwm1<300)pwm1=300;
 285              		.loc 1 208 24 is_stmt 0 view .LVU57
 286 00b8 0146     		mov	r1, r0
 287 00ba 2048     		ldr	r0, .L12+52
 288              	.LVL34:
 208:Core/Src/main.c ****         if(pwm1<300)pwm1=300;
 289              		.loc 1 208 24 view .LVU58
 290 00bc FFF7FEFF 		bl	pid
 291              	.LVL35:
 208:Core/Src/main.c ****         if(pwm1<300)pwm1=300;
 292              		.loc 1 208 24 view .LVU59
 293 00c0 FFF7FEFF 		bl	__aeabi_f2d
 294              	.LVL36:
 208:Core/Src/main.c ****         if(pwm1<300)pwm1=300;
 295              		.loc 1 208 39 view .LVU60
 296 00c4 12A3     		adr	r3, .L12+8
 297 00c6 D3E90023 		ldrd	r2, [r3]
 298 00ca FFF7FEFF 		bl	__aeabi_dmul
 299              	.LVL37:
 208:Core/Src/main.c ****         if(pwm1<300)pwm1=300;
 300              		.loc 1 208 13 view .LVU61
 301 00ce FFF7FEFF 		bl	__aeabi_d2iz
 302              	.LVL38:
 209:Core/Src/main.c ****         if(pwm1>999)pwm1=999;
 303              		.loc 1 209 9 is_stmt 1 view .LVU62
 209:Core/Src/main.c ****         if(pwm1>999)pwm1=999;
 304              		.loc 1 209 11 is_stmt 0 view .LVU63
 305 00d2 B0F5967F 		cmp	r0, #300
 306 00d6 05DB     		blt	.L8
 210:Core/Src/main.c ****         //300  ---- 43cm/s
 307              		.loc 1 210 9 is_stmt 1 view .LVU64
 210:Core/Src/main.c ****         //300  ---- 43cm/s
 308              		.loc 1 210 11 is_stmt 0 view .LVU65
 309 00d8 B0F57A7F 		cmp	r0, #1000
 310 00dc 04DB     		blt	.L7
 210:Core/Src/main.c ****         //300  ---- 43cm/s
 311              		.loc 1 210 25 view .LVU66
 312 00de 40F2E730 		movw	r0, #999
ARM GAS  C:\Users\Lenovo\AppData\Local\Temp\ccVTY1Cv.s 			page 11


 313              	.LVL39:
 210:Core/Src/main.c ****         //300  ---- 43cm/s
 314              		.loc 1 210 25 view .LVU67
 315 00e2 01E0     		b	.L7
 316              	.LVL40:
 317              	.L8:
 209:Core/Src/main.c ****         if(pwm1>999)pwm1=999;
 318              		.loc 1 209 25 view .LVU68
 319 00e4 4FF49670 		mov	r0, #300
 320              	.LVL41:
 321              	.L7:
 214:Core/Src/main.c ****         __HAL_TIM_SET_COMPARE(&htim2, TIM_CHANNEL_2, pwm1); 
 322              		.loc 1 214 9 is_stmt 1 view .LVU69
 323 00e8 154B     		ldr	r3, .L12+56
 324 00ea 1B68     		ldr	r3, [r3]
 325 00ec 5863     		str	r0, [r3, #52]
 215:Core/Src/main.c ****         __HAL_TIM_SET_COMPARE(&htim2, TIM_CHANNEL_3, pwm1); 
 326              		.loc 1 215 9 view .LVU70
 327 00ee 9863     		str	r0, [r3, #56]
 216:Core/Src/main.c ****         __HAL_TIM_SET_COMPARE(&htim2, TIM_CHANNEL_4, pwm1); 
 328              		.loc 1 216 9 view .LVU71
 329 00f0 D863     		str	r0, [r3, #60]
 217:Core/Src/main.c ****         u2_printf("%d\n",(int)speed1);
 330              		.loc 1 217 9 view .LVU72
 331 00f2 1864     		str	r0, [r3, #64]
 218:Core/Src/main.c ****     }
 332              		.loc 1 218 9 view .LVU73
 333 00f4 2046     		mov	r0, r4
 334              	.LVL42:
 218:Core/Src/main.c ****     }
 335              		.loc 1 218 9 is_stmt 0 view .LVU74
 336 00f6 FFF7FEFF 		bl	__aeabi_f2iz
 337              	.LVL43:
 218:Core/Src/main.c ****     }
 338              		.loc 1 218 9 view .LVU75
 339 00fa 0146     		mov	r1, r0
 340 00fc 1148     		ldr	r0, .L12+60
 341 00fe FFF7FEFF 		bl	u2_printf
 342              	.LVL44:
 343              	.LBE4:
 344              		.loc 1 220 1 view .LVU76
 345 0102 82E7     		b	.L5
 346              	.L13:
 347 0104 AFF30080 		.align	3
 348              	.L12:
 349 0108 A7E8482E 		.word	776530087
 350 010c FF210940 		.word	1074340351
 351 0110 85EB51B8 		.word	-1202590843
 352 0114 1E851740 		.word	1075283230
 353 0118 00100040 		.word	1073745920
 354 011c 000C0140 		.word	1073810432
 355 0120 00100140 		.word	1073811456
 356 0124 00000000 		.word	htim1
 357 0128 00000000 		.word	htim3
 358 012c 00000000 		.word	htim4
 359 0130 00000000 		.word	htim8
 360 0134 7FE0077E 		.word	2114445439
ARM GAS  C:\Users\Lenovo\AppData\Local\Temp\ccVTY1Cv.s 			page 12


 361 0138 00001A40 		.word	1075445760
 362 013c 0000C842 		.word	1120403456
 363 0140 00000000 		.word	htim2
 364 0144 00000000 		.word	.LC0
 365              		.cfi_endproc
 366              	.LFE68:
 368              		.section	.text.Error_Handler,"ax",%progbits
 369              		.align	1
 370              		.global	Error_Handler
 371              		.syntax unified
 372              		.thumb
 373              		.thumb_func
 374              		.fpu softvfp
 376              	Error_Handler:
 377              	.LFB69:
 221:Core/Src/main.c **** /* USER CODE END 4 */
 222:Core/Src/main.c **** 
 223:Core/Src/main.c **** /**
 224:Core/Src/main.c ****   * @brief  This function is executed in case of error occurrence.
 225:Core/Src/main.c ****   * @retval None
 226:Core/Src/main.c ****   */
 227:Core/Src/main.c **** void Error_Handler(void)
 228:Core/Src/main.c **** {
 378              		.loc 1 228 1 is_stmt 1 view -0
 379              		.cfi_startproc
 380              		@ Volatile: function does not return.
 381              		@ args = 0, pretend = 0, frame = 0
 382              		@ frame_needed = 0, uses_anonymous_args = 0
 383              		@ link register save eliminated.
 229:Core/Src/main.c ****   /* USER CODE BEGIN Error_Handler_Debug */
 230:Core/Src/main.c ****   /* User can add his own implementation to report the HAL error return state */
 231:Core/Src/main.c ****   __disable_irq();
 384              		.loc 1 231 3 view .LVU78
 385              	.LBB5:
 386              	.LBI5:
 387              		.file 2 "Drivers/CMSIS/Include/cmsis_gcc.h"
   1:Drivers/CMSIS/Include/cmsis_gcc.h **** /**************************************************************************//**
   2:Drivers/CMSIS/Include/cmsis_gcc.h ****  * @file     cmsis_gcc.h
   3:Drivers/CMSIS/Include/cmsis_gcc.h ****  * @brief    CMSIS compiler GCC header file
   4:Drivers/CMSIS/Include/cmsis_gcc.h ****  * @version  V5.0.4
   5:Drivers/CMSIS/Include/cmsis_gcc.h ****  * @date     09. April 2018
   6:Drivers/CMSIS/Include/cmsis_gcc.h ****  ******************************************************************************/
   7:Drivers/CMSIS/Include/cmsis_gcc.h **** /*
   8:Drivers/CMSIS/Include/cmsis_gcc.h ****  * Copyright (c) 2009-2018 Arm Limited. All rights reserved.
   9:Drivers/CMSIS/Include/cmsis_gcc.h ****  *
  10:Drivers/CMSIS/Include/cmsis_gcc.h ****  * SPDX-License-Identifier: Apache-2.0
  11:Drivers/CMSIS/Include/cmsis_gcc.h ****  *
  12:Drivers/CMSIS/Include/cmsis_gcc.h ****  * Licensed under the Apache License, Version 2.0 (the License); you may
  13:Drivers/CMSIS/Include/cmsis_gcc.h ****  * not use this file except in compliance with the License.
  14:Drivers/CMSIS/Include/cmsis_gcc.h ****  * You may obtain a copy of the License at
  15:Drivers/CMSIS/Include/cmsis_gcc.h ****  *
  16:Drivers/CMSIS/Include/cmsis_gcc.h ****  * www.apache.org/licenses/LICENSE-2.0
  17:Drivers/CMSIS/Include/cmsis_gcc.h ****  *
  18:Drivers/CMSIS/Include/cmsis_gcc.h ****  * Unless required by applicable law or agreed to in writing, software
  19:Drivers/CMSIS/Include/cmsis_gcc.h ****  * distributed under the License is distributed on an AS IS BASIS, WITHOUT
  20:Drivers/CMSIS/Include/cmsis_gcc.h ****  * WARRANTIES OR CONDITIONS OF ANY KIND, either express or implied.
  21:Drivers/CMSIS/Include/cmsis_gcc.h ****  * See the License for the specific language governing permissions and
ARM GAS  C:\Users\Lenovo\AppData\Local\Temp\ccVTY1Cv.s 			page 13


  22:Drivers/CMSIS/Include/cmsis_gcc.h ****  * limitations under the License.
  23:Drivers/CMSIS/Include/cmsis_gcc.h ****  */
  24:Drivers/CMSIS/Include/cmsis_gcc.h **** 
  25:Drivers/CMSIS/Include/cmsis_gcc.h **** #ifndef __CMSIS_GCC_H
  26:Drivers/CMSIS/Include/cmsis_gcc.h **** #define __CMSIS_GCC_H
  27:Drivers/CMSIS/Include/cmsis_gcc.h **** 
  28:Drivers/CMSIS/Include/cmsis_gcc.h **** /* ignore some GCC warnings */
  29:Drivers/CMSIS/Include/cmsis_gcc.h **** #pragma GCC diagnostic push
  30:Drivers/CMSIS/Include/cmsis_gcc.h **** #pragma GCC diagnostic ignored "-Wsign-conversion"
  31:Drivers/CMSIS/Include/cmsis_gcc.h **** #pragma GCC diagnostic ignored "-Wconversion"
  32:Drivers/CMSIS/Include/cmsis_gcc.h **** #pragma GCC diagnostic ignored "-Wunused-parameter"
  33:Drivers/CMSIS/Include/cmsis_gcc.h **** 
  34:Drivers/CMSIS/Include/cmsis_gcc.h **** /* Fallback for __has_builtin */
  35:Drivers/CMSIS/Include/cmsis_gcc.h **** #ifndef __has_builtin
  36:Drivers/CMSIS/Include/cmsis_gcc.h ****   #define __has_builtin(x) (0)
  37:Drivers/CMSIS/Include/cmsis_gcc.h **** #endif
  38:Drivers/CMSIS/Include/cmsis_gcc.h **** 
  39:Drivers/CMSIS/Include/cmsis_gcc.h **** /* CMSIS compiler specific defines */
  40:Drivers/CMSIS/Include/cmsis_gcc.h **** #ifndef   __ASM
  41:Drivers/CMSIS/Include/cmsis_gcc.h ****   #define __ASM                                  __asm
  42:Drivers/CMSIS/Include/cmsis_gcc.h **** #endif
  43:Drivers/CMSIS/Include/cmsis_gcc.h **** #ifndef   __INLINE
  44:Drivers/CMSIS/Include/cmsis_gcc.h ****   #define __INLINE                               inline
  45:Drivers/CMSIS/Include/cmsis_gcc.h **** #endif
  46:Drivers/CMSIS/Include/cmsis_gcc.h **** #ifndef   __STATIC_INLINE
  47:Drivers/CMSIS/Include/cmsis_gcc.h ****   #define __STATIC_INLINE                        static inline
  48:Drivers/CMSIS/Include/cmsis_gcc.h **** #endif
  49:Drivers/CMSIS/Include/cmsis_gcc.h **** #ifndef   __STATIC_FORCEINLINE                 
  50:Drivers/CMSIS/Include/cmsis_gcc.h ****   #define __STATIC_FORCEINLINE                   __attribute__((always_inline)) static inline
  51:Drivers/CMSIS/Include/cmsis_gcc.h **** #endif                                           
  52:Drivers/CMSIS/Include/cmsis_gcc.h **** #ifndef   __NO_RETURN
  53:Drivers/CMSIS/Include/cmsis_gcc.h ****   #define __NO_RETURN                            __attribute__((__noreturn__))
  54:Drivers/CMSIS/Include/cmsis_gcc.h **** #endif
  55:Drivers/CMSIS/Include/cmsis_gcc.h **** #ifndef   __USED
  56:Drivers/CMSIS/Include/cmsis_gcc.h ****   #define __USED                                 __attribute__((used))
  57:Drivers/CMSIS/Include/cmsis_gcc.h **** #endif
  58:Drivers/CMSIS/Include/cmsis_gcc.h **** #ifndef   __WEAK
  59:Drivers/CMSIS/Include/cmsis_gcc.h ****   #define __WEAK                                 __attribute__((weak))
  60:Drivers/CMSIS/Include/cmsis_gcc.h **** #endif
  61:Drivers/CMSIS/Include/cmsis_gcc.h **** #ifndef   __PACKED
  62:Drivers/CMSIS/Include/cmsis_gcc.h ****   #define __PACKED                               __attribute__((packed, aligned(1)))
  63:Drivers/CMSIS/Include/cmsis_gcc.h **** #endif
  64:Drivers/CMSIS/Include/cmsis_gcc.h **** #ifndef   __PACKED_STRUCT
  65:Drivers/CMSIS/Include/cmsis_gcc.h ****   #define __PACKED_STRUCT                        struct __attribute__((packed, aligned(1)))
  66:Drivers/CMSIS/Include/cmsis_gcc.h **** #endif
  67:Drivers/CMSIS/Include/cmsis_gcc.h **** #ifndef   __PACKED_UNION
  68:Drivers/CMSIS/Include/cmsis_gcc.h ****   #define __PACKED_UNION                         union __attribute__((packed, aligned(1)))
  69:Drivers/CMSIS/Include/cmsis_gcc.h **** #endif
  70:Drivers/CMSIS/Include/cmsis_gcc.h **** #ifndef   __UNALIGNED_UINT32        /* deprecated */
  71:Drivers/CMSIS/Include/cmsis_gcc.h ****   #pragma GCC diagnostic push
  72:Drivers/CMSIS/Include/cmsis_gcc.h ****   #pragma GCC diagnostic ignored "-Wpacked"
  73:Drivers/CMSIS/Include/cmsis_gcc.h ****   #pragma GCC diagnostic ignored "-Wattributes"
  74:Drivers/CMSIS/Include/cmsis_gcc.h ****   struct __attribute__((packed)) T_UINT32 { uint32_t v; };
  75:Drivers/CMSIS/Include/cmsis_gcc.h ****   #pragma GCC diagnostic pop
  76:Drivers/CMSIS/Include/cmsis_gcc.h ****   #define __UNALIGNED_UINT32(x)                  (((struct T_UINT32 *)(x))->v)
  77:Drivers/CMSIS/Include/cmsis_gcc.h **** #endif
  78:Drivers/CMSIS/Include/cmsis_gcc.h **** #ifndef   __UNALIGNED_UINT16_WRITE
ARM GAS  C:\Users\Lenovo\AppData\Local\Temp\ccVTY1Cv.s 			page 14


  79:Drivers/CMSIS/Include/cmsis_gcc.h ****   #pragma GCC diagnostic push
  80:Drivers/CMSIS/Include/cmsis_gcc.h ****   #pragma GCC diagnostic ignored "-Wpacked"
  81:Drivers/CMSIS/Include/cmsis_gcc.h ****   #pragma GCC diagnostic ignored "-Wattributes"
  82:Drivers/CMSIS/Include/cmsis_gcc.h ****   __PACKED_STRUCT T_UINT16_WRITE { uint16_t v; };
  83:Drivers/CMSIS/Include/cmsis_gcc.h ****   #pragma GCC diagnostic pop
  84:Drivers/CMSIS/Include/cmsis_gcc.h ****   #define __UNALIGNED_UINT16_WRITE(addr, val)    (void)((((struct T_UINT16_WRITE *)(void *)(addr))-
  85:Drivers/CMSIS/Include/cmsis_gcc.h **** #endif
  86:Drivers/CMSIS/Include/cmsis_gcc.h **** #ifndef   __UNALIGNED_UINT16_READ
  87:Drivers/CMSIS/Include/cmsis_gcc.h ****   #pragma GCC diagnostic push
  88:Drivers/CMSIS/Include/cmsis_gcc.h ****   #pragma GCC diagnostic ignored "-Wpacked"
  89:Drivers/CMSIS/Include/cmsis_gcc.h ****   #pragma GCC diagnostic ignored "-Wattributes"
  90:Drivers/CMSIS/Include/cmsis_gcc.h ****   __PACKED_STRUCT T_UINT16_READ { uint16_t v; };
  91:Drivers/CMSIS/Include/cmsis_gcc.h ****   #pragma GCC diagnostic pop
  92:Drivers/CMSIS/Include/cmsis_gcc.h ****   #define __UNALIGNED_UINT16_READ(addr)          (((const struct T_UINT16_READ *)(const void *)(add
  93:Drivers/CMSIS/Include/cmsis_gcc.h **** #endif
  94:Drivers/CMSIS/Include/cmsis_gcc.h **** #ifndef   __UNALIGNED_UINT32_WRITE
  95:Drivers/CMSIS/Include/cmsis_gcc.h ****   #pragma GCC diagnostic push
  96:Drivers/CMSIS/Include/cmsis_gcc.h ****   #pragma GCC diagnostic ignored "-Wpacked"
  97:Drivers/CMSIS/Include/cmsis_gcc.h ****   #pragma GCC diagnostic ignored "-Wattributes"
  98:Drivers/CMSIS/Include/cmsis_gcc.h ****   __PACKED_STRUCT T_UINT32_WRITE { uint32_t v; };
  99:Drivers/CMSIS/Include/cmsis_gcc.h ****   #pragma GCC diagnostic pop
 100:Drivers/CMSIS/Include/cmsis_gcc.h ****   #define __UNALIGNED_UINT32_WRITE(addr, val)    (void)((((struct T_UINT32_WRITE *)(void *)(addr))-
 101:Drivers/CMSIS/Include/cmsis_gcc.h **** #endif
 102:Drivers/CMSIS/Include/cmsis_gcc.h **** #ifndef   __UNALIGNED_UINT32_READ
 103:Drivers/CMSIS/Include/cmsis_gcc.h ****   #pragma GCC diagnostic push
 104:Drivers/CMSIS/Include/cmsis_gcc.h ****   #pragma GCC diagnostic ignored "-Wpacked"
 105:Drivers/CMSIS/Include/cmsis_gcc.h ****   #pragma GCC diagnostic ignored "-Wattributes"
 106:Drivers/CMSIS/Include/cmsis_gcc.h ****   __PACKED_STRUCT T_UINT32_READ { uint32_t v; };
 107:Drivers/CMSIS/Include/cmsis_gcc.h ****   #pragma GCC diagnostic pop
 108:Drivers/CMSIS/Include/cmsis_gcc.h ****   #define __UNALIGNED_UINT32_READ(addr)          (((const struct T_UINT32_READ *)(const void *)(add
 109:Drivers/CMSIS/Include/cmsis_gcc.h **** #endif
 110:Drivers/CMSIS/Include/cmsis_gcc.h **** #ifndef   __ALIGNED
 111:Drivers/CMSIS/Include/cmsis_gcc.h ****   #define __ALIGNED(x)                           __attribute__((aligned(x)))
 112:Drivers/CMSIS/Include/cmsis_gcc.h **** #endif
 113:Drivers/CMSIS/Include/cmsis_gcc.h **** #ifndef   __RESTRICT
 114:Drivers/CMSIS/Include/cmsis_gcc.h ****   #define __RESTRICT                             __restrict
 115:Drivers/CMSIS/Include/cmsis_gcc.h **** #endif
 116:Drivers/CMSIS/Include/cmsis_gcc.h **** 
 117:Drivers/CMSIS/Include/cmsis_gcc.h **** 
 118:Drivers/CMSIS/Include/cmsis_gcc.h **** /* ###########################  Core Function Access  ########################### */
 119:Drivers/CMSIS/Include/cmsis_gcc.h **** /** \ingroup  CMSIS_Core_FunctionInterface
 120:Drivers/CMSIS/Include/cmsis_gcc.h ****     \defgroup CMSIS_Core_RegAccFunctions CMSIS Core Register Access Functions
 121:Drivers/CMSIS/Include/cmsis_gcc.h ****   @{
 122:Drivers/CMSIS/Include/cmsis_gcc.h ****  */
 123:Drivers/CMSIS/Include/cmsis_gcc.h **** 
 124:Drivers/CMSIS/Include/cmsis_gcc.h **** /**
 125:Drivers/CMSIS/Include/cmsis_gcc.h ****   \brief   Enable IRQ Interrupts
 126:Drivers/CMSIS/Include/cmsis_gcc.h ****   \details Enables IRQ interrupts by clearing the I-bit in the CPSR.
 127:Drivers/CMSIS/Include/cmsis_gcc.h ****            Can only be executed in Privileged modes.
 128:Drivers/CMSIS/Include/cmsis_gcc.h ****  */
 129:Drivers/CMSIS/Include/cmsis_gcc.h **** __STATIC_FORCEINLINE void __enable_irq(void)
 130:Drivers/CMSIS/Include/cmsis_gcc.h **** {
 131:Drivers/CMSIS/Include/cmsis_gcc.h ****   __ASM volatile ("cpsie i" : : : "memory");
 132:Drivers/CMSIS/Include/cmsis_gcc.h **** }
 133:Drivers/CMSIS/Include/cmsis_gcc.h **** 
 134:Drivers/CMSIS/Include/cmsis_gcc.h **** 
 135:Drivers/CMSIS/Include/cmsis_gcc.h **** /**
ARM GAS  C:\Users\Lenovo\AppData\Local\Temp\ccVTY1Cv.s 			page 15


 136:Drivers/CMSIS/Include/cmsis_gcc.h ****   \brief   Disable IRQ Interrupts
 137:Drivers/CMSIS/Include/cmsis_gcc.h ****   \details Disables IRQ interrupts by setting the I-bit in the CPSR.
 138:Drivers/CMSIS/Include/cmsis_gcc.h ****            Can only be executed in Privileged modes.
 139:Drivers/CMSIS/Include/cmsis_gcc.h ****  */
 140:Drivers/CMSIS/Include/cmsis_gcc.h **** __STATIC_FORCEINLINE void __disable_irq(void)
 388              		.loc 2 140 27 view .LVU79
 389              	.LBB6:
 141:Drivers/CMSIS/Include/cmsis_gcc.h **** {
 142:Drivers/CMSIS/Include/cmsis_gcc.h ****   __ASM volatile ("cpsid i" : : : "memory");
 390              		.loc 2 142 3 view .LVU80
 391              		.syntax unified
 392              	@ 142 "Drivers/CMSIS/Include/cmsis_gcc.h" 1
 393 0000 72B6     		cpsid i
 394              	@ 0 "" 2
 395              		.thumb
 396              		.syntax unified
 397              	.L15:
 398              	.LBE6:
 399              	.LBE5:
 232:Core/Src/main.c ****   while (1)
 400              		.loc 1 232 3 discriminator 1 view .LVU81
 233:Core/Src/main.c ****   {
 234:Core/Src/main.c ****   }
 401              		.loc 1 234 3 discriminator 1 view .LVU82
 232:Core/Src/main.c ****   while (1)
 402              		.loc 1 232 9 discriminator 1 view .LVU83
 403 0002 FEE7     		b	.L15
 404              		.cfi_endproc
 405              	.LFE69:
 407              		.section	.text.SystemClock_Config,"ax",%progbits
 408              		.align	1
 409              		.global	SystemClock_Config
 410              		.syntax unified
 411              		.thumb
 412              		.thumb_func
 413              		.fpu softvfp
 415              	SystemClock_Config:
 416              	.LFB66:
 136:Core/Src/main.c ****   RCC_OscInitTypeDef RCC_OscInitStruct = {0};
 417              		.loc 1 136 1 view -0
 418              		.cfi_startproc
 419              		@ args = 0, pretend = 0, frame = 64
 420              		@ frame_needed = 0, uses_anonymous_args = 0
 421 0000 00B5     		push	{lr}
 422              	.LCFI2:
 423              		.cfi_def_cfa_offset 4
 424              		.cfi_offset 14, -4
 425 0002 91B0     		sub	sp, sp, #68
 426              	.LCFI3:
 427              		.cfi_def_cfa_offset 72
 137:Core/Src/main.c ****   RCC_ClkInitTypeDef RCC_ClkInitStruct = {0};
 428              		.loc 1 137 3 view .LVU85
 137:Core/Src/main.c ****   RCC_ClkInitTypeDef RCC_ClkInitStruct = {0};
 429              		.loc 1 137 22 is_stmt 0 view .LVU86
 430 0004 2822     		movs	r2, #40
 431 0006 0021     		movs	r1, #0
 432 0008 06A8     		add	r0, sp, #24
ARM GAS  C:\Users\Lenovo\AppData\Local\Temp\ccVTY1Cv.s 			page 16


 433 000a FFF7FEFF 		bl	memset
 434              	.LVL45:
 138:Core/Src/main.c **** 
 435              		.loc 1 138 3 is_stmt 1 view .LVU87
 138:Core/Src/main.c **** 
 436              		.loc 1 138 22 is_stmt 0 view .LVU88
 437 000e 0023     		movs	r3, #0
 438 0010 0193     		str	r3, [sp, #4]
 439 0012 0293     		str	r3, [sp, #8]
 440 0014 0393     		str	r3, [sp, #12]
 441 0016 0493     		str	r3, [sp, #16]
 442 0018 0593     		str	r3, [sp, #20]
 143:Core/Src/main.c ****   RCC_OscInitStruct.HSEState = RCC_HSE_ON;
 443              		.loc 1 143 3 is_stmt 1 view .LVU89
 143:Core/Src/main.c ****   RCC_OscInitStruct.HSEState = RCC_HSE_ON;
 444              		.loc 1 143 36 is_stmt 0 view .LVU90
 445 001a 0122     		movs	r2, #1
 446 001c 0692     		str	r2, [sp, #24]
 144:Core/Src/main.c ****   RCC_OscInitStruct.HSEPredivValue = RCC_HSE_PREDIV_DIV1;
 447              		.loc 1 144 3 is_stmt 1 view .LVU91
 144:Core/Src/main.c ****   RCC_OscInitStruct.HSEPredivValue = RCC_HSE_PREDIV_DIV1;
 448              		.loc 1 144 30 is_stmt 0 view .LVU92
 449 001e 4FF48033 		mov	r3, #65536
 450 0022 0793     		str	r3, [sp, #28]
 145:Core/Src/main.c ****   RCC_OscInitStruct.HSIState = RCC_HSI_ON;
 451              		.loc 1 145 3 is_stmt 1 view .LVU93
 146:Core/Src/main.c ****   RCC_OscInitStruct.PLL.PLLState = RCC_PLL_ON;
 452              		.loc 1 146 3 view .LVU94
 146:Core/Src/main.c ****   RCC_OscInitStruct.PLL.PLLState = RCC_PLL_ON;
 453              		.loc 1 146 30 is_stmt 0 view .LVU95
 454 0024 0A92     		str	r2, [sp, #40]
 147:Core/Src/main.c ****   RCC_OscInitStruct.PLL.PLLSource = RCC_PLLSOURCE_HSE;
 455              		.loc 1 147 3 is_stmt 1 view .LVU96
 147:Core/Src/main.c ****   RCC_OscInitStruct.PLL.PLLSource = RCC_PLLSOURCE_HSE;
 456              		.loc 1 147 34 is_stmt 0 view .LVU97
 457 0026 0222     		movs	r2, #2
 458 0028 0D92     		str	r2, [sp, #52]
 148:Core/Src/main.c ****   RCC_OscInitStruct.PLL.PLLMUL = RCC_PLL_MUL9;
 459              		.loc 1 148 3 is_stmt 1 view .LVU98
 148:Core/Src/main.c ****   RCC_OscInitStruct.PLL.PLLMUL = RCC_PLL_MUL9;
 460              		.loc 1 148 35 is_stmt 0 view .LVU99
 461 002a 0E93     		str	r3, [sp, #56]
 149:Core/Src/main.c ****   if (HAL_RCC_OscConfig(&RCC_OscInitStruct) != HAL_OK)
 462              		.loc 1 149 3 is_stmt 1 view .LVU100
 149:Core/Src/main.c ****   if (HAL_RCC_OscConfig(&RCC_OscInitStruct) != HAL_OK)
 463              		.loc 1 149 32 is_stmt 0 view .LVU101
 464 002c 4FF4E013 		mov	r3, #1835008
 465 0030 0F93     		str	r3, [sp, #60]
 150:Core/Src/main.c ****   {
 466              		.loc 1 150 3 is_stmt 1 view .LVU102
 150:Core/Src/main.c ****   {
 467              		.loc 1 150 7 is_stmt 0 view .LVU103
 468 0032 06A8     		add	r0, sp, #24
 469 0034 FFF7FEFF 		bl	HAL_RCC_OscConfig
 470              	.LVL46:
 150:Core/Src/main.c ****   {
 471              		.loc 1 150 6 view .LVU104
ARM GAS  C:\Users\Lenovo\AppData\Local\Temp\ccVTY1Cv.s 			page 17


 472 0038 80B9     		cbnz	r0, .L20
 156:Core/Src/main.c ****                               |RCC_CLOCKTYPE_PCLK1|RCC_CLOCKTYPE_PCLK2;
 473              		.loc 1 156 3 is_stmt 1 view .LVU105
 156:Core/Src/main.c ****                               |RCC_CLOCKTYPE_PCLK1|RCC_CLOCKTYPE_PCLK2;
 474              		.loc 1 156 31 is_stmt 0 view .LVU106
 475 003a 0F23     		movs	r3, #15
 476 003c 0193     		str	r3, [sp, #4]
 158:Core/Src/main.c ****   RCC_ClkInitStruct.AHBCLKDivider = RCC_SYSCLK_DIV1;
 477              		.loc 1 158 3 is_stmt 1 view .LVU107
 158:Core/Src/main.c ****   RCC_ClkInitStruct.AHBCLKDivider = RCC_SYSCLK_DIV1;
 478              		.loc 1 158 34 is_stmt 0 view .LVU108
 479 003e 0221     		movs	r1, #2
 480 0040 0291     		str	r1, [sp, #8]
 159:Core/Src/main.c ****   RCC_ClkInitStruct.APB1CLKDivider = RCC_HCLK_DIV2;
 481              		.loc 1 159 3 is_stmt 1 view .LVU109
 159:Core/Src/main.c ****   RCC_ClkInitStruct.APB1CLKDivider = RCC_HCLK_DIV2;
 482              		.loc 1 159 35 is_stmt 0 view .LVU110
 483 0042 0023     		movs	r3, #0
 484 0044 0393     		str	r3, [sp, #12]
 160:Core/Src/main.c ****   RCC_ClkInitStruct.APB2CLKDivider = RCC_HCLK_DIV1;
 485              		.loc 1 160 3 is_stmt 1 view .LVU111
 160:Core/Src/main.c ****   RCC_ClkInitStruct.APB2CLKDivider = RCC_HCLK_DIV1;
 486              		.loc 1 160 36 is_stmt 0 view .LVU112
 487 0046 4FF48062 		mov	r2, #1024
 488 004a 0492     		str	r2, [sp, #16]
 161:Core/Src/main.c **** 
 489              		.loc 1 161 3 is_stmt 1 view .LVU113
 161:Core/Src/main.c **** 
 490              		.loc 1 161 36 is_stmt 0 view .LVU114
 491 004c 0593     		str	r3, [sp, #20]
 163:Core/Src/main.c ****   {
 492              		.loc 1 163 3 is_stmt 1 view .LVU115
 163:Core/Src/main.c ****   {
 493              		.loc 1 163 7 is_stmt 0 view .LVU116
 494 004e 01A8     		add	r0, sp, #4
 495 0050 FFF7FEFF 		bl	HAL_RCC_ClockConfig
 496              	.LVL47:
 163:Core/Src/main.c ****   {
 497              		.loc 1 163 6 view .LVU117
 498 0054 20B9     		cbnz	r0, .L21
 167:Core/Src/main.c **** 
 499              		.loc 1 167 1 view .LVU118
 500 0056 11B0     		add	sp, sp, #68
 501              	.LCFI4:
 502              		.cfi_remember_state
 503              		.cfi_def_cfa_offset 4
 504              		@ sp needed
 505 0058 5DF804FB 		ldr	pc, [sp], #4
 506              	.L20:
 507              	.LCFI5:
 508              		.cfi_restore_state
 152:Core/Src/main.c ****   }
 509              		.loc 1 152 5 is_stmt 1 view .LVU119
 510 005c FFF7FEFF 		bl	Error_Handler
 511              	.LVL48:
 512              	.L21:
 165:Core/Src/main.c ****   }
ARM GAS  C:\Users\Lenovo\AppData\Local\Temp\ccVTY1Cv.s 			page 18


 513              		.loc 1 165 5 view .LVU120
 514 0060 FFF7FEFF 		bl	Error_Handler
 515              	.LVL49:
 516              		.cfi_endproc
 517              	.LFE66:
 519              		.section	.text.main,"ax",%progbits
 520              		.align	1
 521              		.global	main
 522              		.syntax unified
 523              		.thumb
 524              		.thumb_func
 525              		.fpu softvfp
 527              	main:
 528              	.LFB65:
  75:Core/Src/main.c ****   /* USER CODE BEGIN 1 */
 529              		.loc 1 75 1 view -0
 530              		.cfi_startproc
 531              		@ Volatile: function does not return.
 532              		@ args = 0, pretend = 0, frame = 0
 533              		@ frame_needed = 0, uses_anonymous_args = 0
 534 0000 08B5     		push	{r3, lr}
 535              	.LCFI6:
 536              		.cfi_def_cfa_offset 8
 537              		.cfi_offset 3, -8
 538              		.cfi_offset 14, -4
  82:Core/Src/main.c **** 
 539              		.loc 1 82 3 view .LVU122
 540 0002 FFF7FEFF 		bl	HAL_Init
 541              	.LVL50:
  89:Core/Src/main.c **** 
 542              		.loc 1 89 3 view .LVU123
 543 0006 FFF7FEFF 		bl	SystemClock_Config
 544              	.LVL51:
  96:Core/Src/main.c ****   MX_TIM2_Init();
 545              		.loc 1 96 3 view .LVU124
 546 000a FFF7FEFF 		bl	MX_GPIO_Init
 547              	.LVL52:
  97:Core/Src/main.c ****   MX_TIM3_Init();
 548              		.loc 1 97 3 view .LVU125
 549 000e FFF7FEFF 		bl	MX_TIM2_Init
 550              	.LVL53:
  98:Core/Src/main.c ****   MX_TIM4_Init();
 551              		.loc 1 98 3 view .LVU126
 552 0012 FFF7FEFF 		bl	MX_TIM3_Init
 553              	.LVL54:
  99:Core/Src/main.c ****   MX_TIM8_Init();
 554              		.loc 1 99 3 view .LVU127
 555 0016 FFF7FEFF 		bl	MX_TIM4_Init
 556              	.LVL55:
 100:Core/Src/main.c ****   MX_TIM6_Init();
 557              		.loc 1 100 3 view .LVU128
 558 001a FFF7FEFF 		bl	MX_TIM8_Init
 559              	.LVL56:
 101:Core/Src/main.c ****   MX_TIM1_Init();
 560              		.loc 1 101 3 view .LVU129
 561 001e FFF7FEFF 		bl	MX_TIM6_Init
 562              	.LVL57:
ARM GAS  C:\Users\Lenovo\AppData\Local\Temp\ccVTY1Cv.s 			page 19


 102:Core/Src/main.c ****   MX_USART2_UART_Init();
 563              		.loc 1 102 3 view .LVU130
 564 0022 FFF7FEFF 		bl	MX_TIM1_Init
 565              	.LVL58:
 103:Core/Src/main.c ****   MX_USART3_UART_Init();
 566              		.loc 1 103 3 view .LVU131
 567 0026 FFF7FEFF 		bl	MX_USART2_UART_Init
 568              	.LVL59:
 104:Core/Src/main.c ****   MX_UART5_Init();
 569              		.loc 1 104 3 view .LVU132
 570 002a FFF7FEFF 		bl	MX_USART3_UART_Init
 571              	.LVL60:
 105:Core/Src/main.c ****   /* USER CODE BEGIN 2 */
 572              		.loc 1 105 3 view .LVU133
 573 002e FFF7FEFF 		bl	MX_UART5_Init
 574              	.LVL61:
 107:Core/Src/main.c ****   HAL_TIM_PWM_Start(&htim2, TIM_CHANNEL_1); 
 575              		.loc 1 107 3 view .LVU134
 576 0032 1248     		ldr	r0, .L25
 577 0034 FFF7FEFF 		bl	HAL_TIM_Base_Start_IT
 578              	.LVL62:
 108:Core/Src/main.c ****   HAL_TIM_PWM_Start(&htim2, TIM_CHANNEL_2); 
 579              		.loc 1 108 3 view .LVU135
 580 0038 114C     		ldr	r4, .L25+4
 581 003a 0021     		movs	r1, #0
 582 003c 2046     		mov	r0, r4
 583 003e FFF7FEFF 		bl	HAL_TIM_PWM_Start
 584              	.LVL63:
 109:Core/Src/main.c ****   HAL_TIM_PWM_Start(&htim2, TIM_CHANNEL_3); 
 585              		.loc 1 109 3 view .LVU136
 586 0042 0421     		movs	r1, #4
 587 0044 2046     		mov	r0, r4
 588 0046 FFF7FEFF 		bl	HAL_TIM_PWM_Start
 589              	.LVL64:
 110:Core/Src/main.c ****   HAL_TIM_PWM_Start(&htim2, TIM_CHANNEL_4); 
 590              		.loc 1 110 3 view .LVU137
 591 004a 0821     		movs	r1, #8
 592 004c 2046     		mov	r0, r4
 593 004e FFF7FEFF 		bl	HAL_TIM_PWM_Start
 594              	.LVL65:
 111:Core/Src/main.c ****   HAL_TIM_Encoder_Start(&htim1, TIM_CHANNEL_ALL);
 595              		.loc 1 111 3 view .LVU138
 596 0052 0C21     		movs	r1, #12
 597 0054 2046     		mov	r0, r4
 598 0056 FFF7FEFF 		bl	HAL_TIM_PWM_Start
 599              	.LVL66:
 112:Core/Src/main.c ****   HAL_TIM_Encoder_Start(&htim3, TIM_CHANNEL_ALL);
 600              		.loc 1 112 3 view .LVU139
 601 005a 3C21     		movs	r1, #60
 602 005c 0948     		ldr	r0, .L25+8
 603 005e FFF7FEFF 		bl	HAL_TIM_Encoder_Start
 604              	.LVL67:
 113:Core/Src/main.c ****   HAL_TIM_Encoder_Start(&htim4, TIM_CHANNEL_ALL);
 605              		.loc 1 113 3 view .LVU140
 606 0062 3C21     		movs	r1, #60
 607 0064 0848     		ldr	r0, .L25+12
 608 0066 FFF7FEFF 		bl	HAL_TIM_Encoder_Start
ARM GAS  C:\Users\Lenovo\AppData\Local\Temp\ccVTY1Cv.s 			page 20


 609              	.LVL68:
 114:Core/Src/main.c ****   HAL_TIM_Encoder_Start(&htim8, TIM_CHANNEL_ALL);
 610              		.loc 1 114 3 view .LVU141
 611 006a 3C21     		movs	r1, #60
 612 006c 0748     		ldr	r0, .L25+16
 613 006e FFF7FEFF 		bl	HAL_TIM_Encoder_Start
 614              	.LVL69:
 115:Core/Src/main.c ****   /* USER CODE END 2 */
 615              		.loc 1 115 3 view .LVU142
 616 0072 3C21     		movs	r1, #60
 617 0074 0648     		ldr	r0, .L25+20
 618 0076 FFF7FEFF 		bl	HAL_TIM_Encoder_Start
 619              	.LVL70:
 620              	.L23:
 120:Core/Src/main.c ****   {
 621              		.loc 1 120 3 discriminator 1 view .LVU143
 127:Core/Src/main.c ****   /* USER CODE END 3 */
 622              		.loc 1 127 3 discriminator 1 view .LVU144
 120:Core/Src/main.c ****   {
 623              		.loc 1 120 9 discriminator 1 view .LVU145
 624 007a FEE7     		b	.L23
 625              	.L26:
 626              		.align	2
 627              	.L25:
 628 007c 00000000 		.word	htim6
 629 0080 00000000 		.word	htim2
 630 0084 00000000 		.word	htim1
 631 0088 00000000 		.word	htim3
 632 008c 00000000 		.word	htim4
 633 0090 00000000 		.word	htim8
 634              		.cfi_endproc
 635              	.LFE65:
 637              		.global	prev
 638              		.global	integral
 639              		.global	kd
 640              		.global	ki
 641              		.global	kp
 642              		.section	.bss.integral,"aw",%nobits
 643              		.align	2
 644              		.set	.LANCHOR0,. + 0
 647              	integral:
 648 0000 00000000 		.space	4
 649              		.section	.bss.prev,"aw",%nobits
 650              		.align	2
 651              		.set	.LANCHOR3,. + 0
 654              	prev:
 655 0000 00000000 		.space	4
 656              		.section	.data.kd,"aw"
 657              		.align	2
 658              		.set	.LANCHOR4,. + 0
 661              	kd:
 662 0000 00002041 		.word	1092616192
 663              		.section	.data.ki,"aw"
 664              		.align	2
 665              		.set	.LANCHOR2,. + 0
 668              	ki:
 669 0000 CDCCCC3D 		.word	1036831949
ARM GAS  C:\Users\Lenovo\AppData\Local\Temp\ccVTY1Cv.s 			page 21


 670              		.section	.data.kp,"aw"
 671              		.align	2
 672              		.set	.LANCHOR1,. + 0
 675              	kp:
 676 0000 0000F042 		.word	1123024896
 677              		.text
 678              	.Letext0:
 679              		.file 3 "c:\\program files (x86)\\gnu arm embedded toolchain\\10 2021.07\\arm-none-eabi\\include\\
 680              		.file 4 "c:\\program files (x86)\\gnu arm embedded toolchain\\10 2021.07\\arm-none-eabi\\include\\
 681              		.file 5 "Drivers/CMSIS/Device/ST/STM32F1xx/Include/stm32f103xe.h"
 682              		.file 6 "Drivers/STM32F1xx_HAL_Driver/Inc/stm32f1xx_hal_def.h"
 683              		.file 7 "Drivers/STM32F1xx_HAL_Driver/Inc/stm32f1xx_hal_rcc.h"
 684              		.file 8 "Drivers/STM32F1xx_HAL_Driver/Inc/stm32f1xx_hal_rcc_ex.h"
 685              		.file 9 "Drivers/STM32F1xx_HAL_Driver/Inc/stm32f1xx_hal_dma.h"
 686              		.file 10 "Drivers/STM32F1xx_HAL_Driver/Inc/stm32f1xx_hal_tim.h"
 687              		.file 11 "Core/Inc/tim.h"
 688              		.file 12 "Drivers/STM32F1xx_HAL_Driver/Inc/stm32f1xx_hal_gpio.h"
 689              		.file 13 "Core/Inc/usart.h"
 690              		.file 14 "Drivers/STM32F1xx_HAL_Driver/Inc/stm32f1xx_hal.h"
 691              		.file 15 "Core/Inc/gpio.h"
 692              		.file 16 "<built-in>"
ARM GAS  C:\Users\Lenovo\AppData\Local\Temp\ccVTY1Cv.s 			page 22


DEFINED SYMBOLS
                            *ABS*:00000000 main.c
C:\Users\Lenovo\AppData\Local\Temp\ccVTY1Cv.s:19     .text.pid:00000000 $t
C:\Users\Lenovo\AppData\Local\Temp\ccVTY1Cv.s:27     .text.pid:00000000 pid
C:\Users\Lenovo\AppData\Local\Temp\ccVTY1Cv.s:114    .text.pid:00000060 $d
C:\Users\Lenovo\AppData\Local\Temp\ccVTY1Cv.s:130    .rodata.HAL_TIM_PeriodElapsedCallback.str1.4:00000000 $d
C:\Users\Lenovo\AppData\Local\Temp\ccVTY1Cv.s:134    .text.HAL_TIM_PeriodElapsedCallback:00000000 $t
C:\Users\Lenovo\AppData\Local\Temp\ccVTY1Cv.s:141    .text.HAL_TIM_PeriodElapsedCallback:00000000 HAL_TIM_PeriodElapsedCallback
C:\Users\Lenovo\AppData\Local\Temp\ccVTY1Cv.s:349    .text.HAL_TIM_PeriodElapsedCallback:00000108 $d
C:\Users\Lenovo\AppData\Local\Temp\ccVTY1Cv.s:369    .text.Error_Handler:00000000 $t
C:\Users\Lenovo\AppData\Local\Temp\ccVTY1Cv.s:376    .text.Error_Handler:00000000 Error_Handler
C:\Users\Lenovo\AppData\Local\Temp\ccVTY1Cv.s:408    .text.SystemClock_Config:00000000 $t
C:\Users\Lenovo\AppData\Local\Temp\ccVTY1Cv.s:415    .text.SystemClock_Config:00000000 SystemClock_Config
C:\Users\Lenovo\AppData\Local\Temp\ccVTY1Cv.s:520    .text.main:00000000 $t
C:\Users\Lenovo\AppData\Local\Temp\ccVTY1Cv.s:527    .text.main:00000000 main
C:\Users\Lenovo\AppData\Local\Temp\ccVTY1Cv.s:628    .text.main:0000007c $d
C:\Users\Lenovo\AppData\Local\Temp\ccVTY1Cv.s:654    .bss.prev:00000000 prev
C:\Users\Lenovo\AppData\Local\Temp\ccVTY1Cv.s:647    .bss.integral:00000000 integral
C:\Users\Lenovo\AppData\Local\Temp\ccVTY1Cv.s:661    .data.kd:00000000 kd
C:\Users\Lenovo\AppData\Local\Temp\ccVTY1Cv.s:668    .data.ki:00000000 ki
C:\Users\Lenovo\AppData\Local\Temp\ccVTY1Cv.s:675    .data.kp:00000000 kp
C:\Users\Lenovo\AppData\Local\Temp\ccVTY1Cv.s:643    .bss.integral:00000000 $d
C:\Users\Lenovo\AppData\Local\Temp\ccVTY1Cv.s:650    .bss.prev:00000000 $d
C:\Users\Lenovo\AppData\Local\Temp\ccVTY1Cv.s:657    .data.kd:00000000 $d
C:\Users\Lenovo\AppData\Local\Temp\ccVTY1Cv.s:664    .data.ki:00000000 $d
C:\Users\Lenovo\AppData\Local\Temp\ccVTY1Cv.s:671    .data.kp:00000000 $d

UNDEFINED SYMBOLS
__aeabi_fsub
__aeabi_fadd
__aeabi_fmul
__aeabi_i2d
__aeabi_dmul
__aeabi_d2f
__aeabi_f2d
__aeabi_d2iz
__aeabi_f2iz
HAL_GPIO_WritePin
u2_printf
htim1
htim3
htim4
htim8
htim2
memset
HAL_RCC_OscConfig
HAL_RCC_ClockConfig
HAL_Init
MX_GPIO_Init
MX_TIM2_Init
MX_TIM3_Init
MX_TIM4_Init
MX_TIM8_Init
MX_TIM6_Init
MX_TIM1_Init
MX_USART2_UART_Init
MX_USART3_UART_Init
ARM GAS  C:\Users\Lenovo\AppData\Local\Temp\ccVTY1Cv.s 			page 23


MX_UART5_Init
HAL_TIM_Base_Start_IT
HAL_TIM_PWM_Start
HAL_TIM_Encoder_Start
htim6
